<?xml version="1.0" encoding="utf-8"?><testsuites name="pytest tests"><testsuite name="pytest" errors="0" failures="0" skipped="0" tests="46" time="85.355" timestamp="2026-07-08T11:36:47.170421+00:00" hostname="agent-env-810ed6a9-755b-48c2-bb97-a7e90d626254"><testcase classname="tests.backend_test.TestInvitations" name="test_initial_list_empty" time="0.587" /><testcase classname="tests.backend_test.TestAuth" name="test_register_returns_token_and_user" time="0.591" /><testcase classname="tests.backend_test.TestInvitations" name="test_create_invitation" time="0.096" /><testcase classname="tests.backend_test.TestAuth" name="test_register_duplicate_400" time="0.095" /><testcase classname="tests.backend_test.TestInvitations" name="test_get_invitation" time="0.098" /><testcase classname="tests.backend_test.TestAuth" name="test_login_success" time="0.379" /><testcase classname="tests.backend_test.TestInvitations" name="test_patch_invitation_partial" time="1.230" /><testcase classname="tests.backend_test.TestAuth" name="test_login_invalid" time="0.324" /><testcase classname="tests.backend_test.TestAuth" name="test_me_returns_user" time="0.092" /><testcase classname="tests.backend_test.TestAuth" name="test_me_no_token_401" time="0.089" /><testcase classname="tests.backend_test.TestInvitations" name="test_public_view_no_auth" time="0.097" /><testcase classname="tests.backend_test.TestInvitations" name="test_public_view_404" time="0.101" /><testcase classname="tests.backend_v2_test.TestFileServing" name="test_owner_bearer" time="1.095" /><testcase classname="tests.backend_test.TestInvitations" name="test_cross_user_isolation_get" time="0.416" /><testcase classname="tests.backend_test.TestInvitations" name="test_cross_user_isolation_patch" time="0.102" /><testcase classname="tests.backend_v2_test.TestFileServing" name="test_owner_query_token" time="0.222" /><testcase classname="tests.backend_test.TestInvitations" name="test_cross_user_isolation_delete" time="0.099" /><testcase classname="tests.backend_test.TestInvitations" name="test_delete_and_verify" time="0.381" /><testcase classname="tests.backend_v2_test.TestFileServing" name="test_non_owner_403" time="0.419" /><testcase classname="tests.backend_v2_test.TestFileServing" name="test_referenced_file_is_public" time="0.559" /><testcase classname="tests.backend_v2_test.TestGuests" name="test_add_guests_bulk_dedupes" time="0.570" /><testcase classname="tests.backend_v2_test.TestGuests" name="test_list_guests_owner_only" time="0.094" /><testcase classname="tests.backend_v2_test.TestPublicRSVP" name="test_rsvp_new_guest" time="0.101" /><testcase classname="tests.backend_v2_test.TestPublicRSVP" name="test_rsvp_existing_updates" time="0.360" /><testcase classname="tests.backend_v2_test.TestGuests" name="test_list_guests_non_owner_404" time="0.445" /><testcase classname="tests.backend_v2_test.TestGuests" name="test_delete_guest" time="0.204" /><testcase classname="tests.backend_v2_test.TestPublicRSVP" name="test_rsvp_invalid_status" time="0.139" /><testcase classname="tests.backend_v2_test.TestPublicRSVP" name="test_rsvp_404" time="0.134" /><testcase classname="tests.backend_v2_test.TestPhotoUpload" name="test_upload_valid_png" time="0.287" /><testcase classname="tests.backend_v2_test.TestAnalytics" name="test_public_view_increments_and_analytics" time="0.798" /><testcase classname="tests.backend_v2_test.TestPhotoUpload" name="test_reject_non_image" time="0.097" /><testcase classname="tests.backend_v2_test.TestPhotoUpload" name="test_reject_too_large" time="0.320" /><testcase classname="tests.backend_v2_test.TestVideo" name="test_generate_video_queued" time="0.113" /><testcase classname="tests.backend_v2_test.TestVideo" name="test_invalid_duration" time="0.095" /><testcase classname="tests.backend_v2_test.TestAnalytics" name="test_analytics_requires_auth" time="0.097" /><testcase classname="tests.backend_v2_test.TestVideo" name="test_video_status" time="0.135" /><testcase classname="tests.backend_v2_test.TestAnalytics" name="test_analytics_non_owner_404" time="0.387" /><testcase classname="tests.backend_test.TestAI" name="test_generate_text" time="3.313" /><testcase classname="tests.backend_v2_test.TestAudioUpload" name="test_upload_valid_wav" time="0.386" /><testcase classname="tests.backend_v2_test.TestAudioUpload" name="test_reject_non_audio" time="0.102" /><testcase classname="tests.backend_v2_test.TestAuthRegression" name="test_me" time="0.097" /><testcase classname="tests.backend_v2_test.TestInvitationV2Fields" name="test_patch_new_fields" time="0.098" /><testcase classname="tests.backend_v2_test.TestSendInvites" name="test_send_without_resend_key" time="0.094" /><testcase classname="tests.backend_test.TestAI" name="test_generate_image" time="6.855" /><testcase classname="tests.backend_v2_test.TestIsolation" name="test_non_owner_patch_404" time="68.981" /><testcase classname="tests.backend_v2_test.TestIsolation" name="test_non_owner_add_guest_404" time="0.102" /></testsuite></testsuites>