<?xml version="1.0" encoding="utf-8"?><testsuites name="pytest tests"><testsuite name="pytest" errors="0" failures="0" skipped="0" tests="32" time="6.247" timestamp="2026-07-08T16:34:32.598627+00:00" hostname="agent-env-810ed6a9-755b-48c2-bb97-a7e90d626254"><testcase classname="tests.backend_v3_test.TestMusicPresets" name="test_list_has_7_presets" time="0.176" /><testcase classname="tests.backend_v3_test.TestMusicPresets" name="test_indian_preset_public_serving" time="1.534" /><testcase classname="tests.backend_v2_test.TestFileServing" name="test_owner_bearer" time="1.011" /><testcase classname="tests.backend_v2_test.TestFileServing" name="test_owner_query_token" time="0.286" /><testcase classname="tests.backend_v2_test.TestFileServing" name="test_non_owner_403" time="0.499" /><testcase classname="tests.backend_v3_test.TestMusicPresets" name="test_generic_preset_public_serving" time="0.767" /><testcase classname="tests.backend_v2_test.TestFileServing" name="test_referenced_file_is_public" time="0.501" /><testcase classname="tests.backend_v2_test.TestGuests" name="test_add_guests_bulk_dedupes" time="0.112" /><testcase classname="tests.backend_v2_test.TestGuests" name="test_list_guests_owner_only" time="0.113" /><testcase classname="tests.backend_v3_test.TestMusicPresets" name="test_preset_no_auth_required" time="0.722" /><testcase classname="tests.backend_v2_test.TestGuests" name="test_list_guests_non_owner_404" time="0.103" /><testcase classname="tests.backend_v2_test.TestGuests" name="test_delete_guest" time="0.293" /><testcase classname="tests.backend_v2_test.TestPhotoUpload" name="test_upload_valid_png" time="0.308" /><testcase classname="tests.backend_v2_test.TestPhotoUpload" name="test_reject_non_image" time="0.327" /><testcase classname="tests.backend_v2_test.TestPhotoUpload" name="test_reject_too_large" time="0.356" /><testcase classname="tests.backend_v2_test.TestPublicRSVP" name="test_rsvp_new_guest" time="0.600" /><testcase classname="tests.backend_v2_test.TestPublicRSVP" name="test_rsvp_existing_updates" time="0.202" /><testcase classname="tests.backend_v2_test.TestAnalytics" name="test_public_view_increments_and_analytics" time="0.879" /><testcase classname="tests.backend_v2_test.TestPublicRSVP" name="test_rsvp_invalid_status" time="0.109" /><testcase classname="tests.backend_v2_test.TestPublicRSVP" name="test_rsvp_404" time="0.106" /><testcase classname="tests.backend_v2_test.TestVideo" name="test_generate_video_queued" time="0.275" /><testcase classname="tests.backend_v2_test.TestVideo" name="test_invalid_duration" time="0.115" /><testcase classname="tests.backend_v2_test.TestVideo" name="test_video_status" time="0.115" /><testcase classname="tests.backend_v2_test.TestAudioUpload" name="test_upload_valid_wav" time="0.268" /><testcase classname="tests.backend_v2_test.TestAnalytics" name="test_analytics_requires_auth" time="0.099" /><testcase classname="tests.backend_v2_test.TestAnalytics" name="test_analytics_non_owner_404" time="0.103" /><testcase classname="tests.backend_v2_test.TestAudioUpload" name="test_reject_non_audio" time="0.105" /><testcase classname="tests.backend_v2_test.TestAuthRegression" name="test_me" time="0.106" /><testcase classname="tests.backend_v2_test.TestInvitationV2Fields" name="test_patch_new_fields" time="0.127" /><testcase classname="tests.backend_v2_test.TestSendInvites" name="test_send_without_resend_key" time="0.248" /><testcase classname="tests.backend_v2_test.TestIsolation" name="test_non_owner_patch_404" time="0.522" /><testcase classname="tests.backend_v2_test.TestIsolation" name="test_non_owner_add_guest_404" time="0.106" /></testsuite></testsuites>