<?xml version="1.0" encoding="utf-8"?><testsuites name="pytest tests"><testsuite name="pytest" errors="0" failures="0" skipped="0" tests="18" time="11.798" timestamp="2026-07-08T10:24:57.620793+00:00" hostname="agent-env-810ed6a9-755b-48c2-bb97-a7e90d626254"><testcase classname="tests.backend_test.TestAuth" name="test_register_returns_token_and_user" time="0.414" /><testcase classname="tests.backend_test.TestAuth" name="test_register_duplicate_400" time="0.252" /><testcase classname="tests.backend_test.TestInvitations" name="test_initial_list_empty" time="0.767" /><testcase classname="tests.backend_test.TestAuth" name="test_login_success" time="0.382" /><testcase classname="tests.backend_test.TestInvitations" name="test_create_invitation" time="0.294" /><testcase classname="tests.backend_test.TestAuth" name="test_login_invalid" time="0.313" /><testcase classname="tests.backend_test.TestInvitations" name="test_get_invitation" time="0.303" /><testcase classname="tests.backend_test.TestAuth" name="test_me_returns_user" time="0.126" /><testcase classname="tests.backend_test.TestInvitations" name="test_patch_invitation_partial" time="1.236" /><testcase classname="tests.backend_test.TestAuth" name="test_me_no_token_401" time="0.090" /><testcase classname="tests.backend_test.TestAI" name="test_generate_text" time="2.998" /><testcase classname="tests.backend_test.TestInvitations" name="test_public_view_no_auth" time="0.094" /><testcase classname="tests.backend_test.TestInvitations" name="test_public_view_404" time="0.095" /><testcase classname="tests.backend_test.TestInvitations" name="test_cross_user_isolation_get" time="0.404" /><testcase classname="tests.backend_test.TestInvitations" name="test_cross_user_isolation_patch" time="0.093" /><testcase classname="tests.backend_test.TestInvitations" name="test_cross_user_isolation_delete" time="0.095" /><testcase classname="tests.backend_test.TestInvitations" name="test_delete_and_verify" time="0.184" /><testcase classname="tests.backend_test.TestAI" name="test_generate_image" time="6.715" /></testsuite></testsuites>